0 info it worked if it ends with ok
1 verbose cli [ '/usr/local/bin/node', '/usr/local/bin/npm', 'run', 'slackbot' ]
2 info using npm@3.10.9
3 info using node@v6.9.2
4 verbose run-script [ 'preslackbot', 'slackbot', 'postslackbot' ]
5 info lifecycle mangrove-pairing@1.0.0~preslackbot: mangrove-pairing@1.0.0
6 silly lifecycle mangrove-pairing@1.0.0~preslackbot: no script for preslackbot, continuing
7 info lifecycle mangrove-pairing@1.0.0~slackbot: mangrove-pairing@1.0.0
8 verbose lifecycle mangrove-pairing@1.0.0~slackbot: unsafe-perm in lifecycle true
9 verbose lifecycle mangrove-pairing@1.0.0~slackbot: PATH: /usr/local/lib/node_modules/npm/bin/node-gyp-bin:/Users/thomasjeanneau/Codes/mangrove-pairing/node_modules/.bin:/usr/local/bin:/usr/bin:/bin:/usr/sbin:/sbin
10 verbose lifecycle mangrove-pairing@1.0.0~slackbot: CWD: /Users/thomasjeanneau/Codes/mangrove-pairing
11 silly lifecycle mangrove-pairing@1.0.0~slackbot: Args: [ '-c', 'babel-node slackbot.js' ]
12 silly lifecycle mangrove-pairing@1.0.0~slackbot: Returned: code: 1  signal: null
13 info lifecycle mangrove-pairing@1.0.0~slackbot: Failed to exec slackbot script
14 verbose stack Error: mangrove-pairing@1.0.0 slackbot: `babel-node slackbot.js`
14 verbose stack Exit status 1
14 verbose stack     at EventEmitter.<anonymous> (/usr/local/lib/node_modules/npm/lib/utils/lifecycle.js:255:16)
14 verbose stack     at emitTwo (events.js:106:13)
14 verbose stack     at EventEmitter.emit (events.js:191:7)
14 verbose stack     at ChildProcess.<anonymous> (/usr/local/lib/node_modules/npm/lib/utils/spawn.js:40:14)
14 verbose stack     at emitTwo (events.js:106:13)
14 verbose stack     at ChildProcess.emit (events.js:191:7)
14 verbose stack     at maybeClose (internal/child_process.js:877:16)
14 verbose stack     at Process.ChildProcess._handle.onexit (internal/child_process.js:226:5)
15 verbose pkgid mangrove-pairing@1.0.0
16 verbose cwd /Users/thomasjeanneau/Codes/mangrove-pairing
17 error Darwin 16.4.0
18 error argv "/usr/local/bin/node" "/usr/local/bin/npm" "run" "slackbot"
19 error node v6.9.2
20 error npm  v3.10.9
21 error code ELIFECYCLE
22 error mangrove-pairing@1.0.0 slackbot: `babel-node slackbot.js`
22 error Exit status 1
23 error Failed at the mangrove-pairing@1.0.0 slackbot script 'babel-node slackbot.js'.
23 error Make sure you have the latest version of node.js and npm installed.
23 error If you do, this is most likely a problem with the mangrove-pairing package,
23 error not with npm itself.
23 error Tell the author that this fails on your system:
23 error     babel-node slackbot.js
23 error You can get information on how to open an issue for this project with:
23 error     npm bugs mangrove-pairing
23 error Or if that isn't available, you can get their info via:
23 error     npm owner ls mangrove-pairing
23 error There is likely additional logging output above.
24 verbose exit [ 1, true ]
